<?xml version="1.0" encoding="UTF-8"?>

<beans xmlns:xsi="http://www.w3.org/2001/XMLSchema-instance"
       xmlns="http://www.springframework.org/schema/beans" xmlns:context="http://www.springframework.org/schema/context"
       xsi:schemaLocation="http://www.springframework.org/schema/beans
       http://www.springframework.org/schema/beans/spring-beans.xsd http://www.springframework.org/schema/context
       http://www.springframework.org/schema/context/spring-context.xsd">



    <import resource="classpath*:app-context.xml"/>

    <context:component-scan base-package="org.example.EPAM_FARM"/>
    <context:annotation-config />


    <bean id="dataSource" class="org.springframework.jdbc.datasource.DriverManagerDataSource">
        <!--        <property name="driverClassName" value="com.mysql.cj.jdbc.Driver"/>-->                           <!-- production-->
        <property name="url" value="jdbc:mysql://192.168.99.1:3308/farm"/>
        <property name="username" value="root"/>
        <property name="password" value="root"/>
    </bean>


    <bean id="jdbcTemplate" class="org.springframework.jdbc.core.JdbcTemplate">
        <constructor-arg name="dataSource" ref="dataSource"/>
    </bean>

    <bean id="departmentDao" class="org.example.EPAM_FARM.dao.impl.DepartmentDaoImpl">
        <constructor-arg name="dataSource" ref="dataSource" />
    </bean>

</beans>