<?xml version="1.0" encoding="UTF-8"?>

<beans xmlns="http://www.springframework.org/schema/beans"
       xmlns:xsi="http://www.w3.org/2001/XMLSchema-instance"
       xmlns:context="http://www.springframework.org/schema/context"
       xmlns:mvc="http://www.springframework.org/schema/mvc"
       xmlns:util="http://www.springframework.org/schema/util"
       xsi:schemaLocation="
       http://www.springframework.org/schema/mvc
        http://www.springframework.org/schema/mvc/spring-mvc.xsd
        http://www.springframework.org/schema/beans
        http://www.springframework.org/schema/beans/spring-beans.xsd
        http://www.springframework.org/schema/context
        http://www.springframework.org/schema/context/spring-context.xsd
        http://www.springframework.org/schema/util
        http://www.springframework.org/schema/util/spring-util.xsd" >

    <context:component-scan base-package="org.example.*"/>
    <context:annotation-config />

    <mvc:default-servlet-handler/>
    <mvc:annotation-driven/>

    <!--      SPRING-CLOUD_CONFIG -->
    <util:properties id="home" location="http://localhost:8980/rest-home.properties" />
    <context:property-placeholder properties-ref="home"
                                  ignore-resource-not-found="true"
                                  ignore-unresolvable="true"
                                  order="0" />

    <bean id="dataSource" class="org.springframework.jdbc.datasource.DriverManagerDataSource">
        <property name="driverClassName" value="${db.driver}"/>
        <property name="url" value="${db.url}"/>
        <property name="username" value="${db.username}"/>
        <property name="password" value="${db.password}"/>
    </bean>

    <bean id="jdbcTemplate" class="org.springframework.jdbc.core.JdbcTemplate">
        <constructor-arg name="dataSource" ref="dataSource"/>
    </bean>

    <bean id="departmentDao" class="org.example.EPAM_FARM.dao.impl.DepartmentDaoImpl" />

    <bean id="departmentService" class="org.example.EPAM_FARM.service.impl.DepartmentServiceImpl" />

    <bean id="jdbcStorageDao" class="org.example.EPAM_FARM.dao.impl.DepartmentDaoImpl" />

    <bean id="jdbcStorageService" class="org.example.EPAM_FARM.service.impl.DepartmentServiceImpl" />

    <bean id="departmentController" class="org.example.EPAM_FARM.controller.DepartmentController" />

    <bean id="employeeDao" class="org.example.EPAM_FARM.dao.impl.EmployeeDaoImpl" />

    <bean id="employeeService" class="org.example.EPAM_FARM.service.impl.EmployeeServiceImpl" />

    <bean id="employeeController" class="org.example.EPAM_FARM.controller.EmployeeController" />

    <bean id="mainController" class="org.example.EPAM_FARM.controller.MainController" />

    <bean id="userDao" class="org.example.EPAM_FARM.dao.impl.UserDaoImpl" />

    <bean id="userService" class="org.example.EPAM_FARM.service.impl.UserServiceImpl" />

</beans>