<?xml version="1.0" encoding="UTF-8"?>
<beans xmlns:xsi="http://www.w3.org/2001/XMLSchema-instance"
       xmlns:mvc="http://www.springframework.org/schema/mvc"
       xmlns="http://www.springframework.org/schema/beans"
       xsi:schemaLocation="http://www.springframework.org/schema/beans
       http://www.springframework.org/schema/beans/spring-beans.xsd
       http://www.springframework.org/schema/mvc
       http://www.springframework.org/schema/mvc/spring-mvc.xsd">

    <import resource="classpath*:test.xml"/>

    <mvc:default-servlet-handler/>
    <mvc:annotation-driven/>

    <bean id="restDepartmentController" class="org.example.epam.rest.controller.RestDepartmentController" />
    <bean id="restEmployeeController" class="org.example.epam.rest.controller.RestEmployeeController" />
</beans>