<?xml version="1.0" encoding="UTF-8"?>

<beans xmlns="http://www.springframework.org/schema/beans"
       xmlns:xsi="http://www.w3.org/2001/XMLSchema-instance"
       xmlns:context="http://www.springframework.org/schema/context"
       xmlns:mvc="http://www.springframework.org/schema/mvc"
       xmlns:util="http://www.springframework.org/schema/util"
       xsi:schemaLocation="
       http://www.springframework.org/schema/mvc
        http://www.springframework.org/schema/mvc/spring-mvc.xsd
        http://www.springframework.org/schema/beans
        http://www.springframework.org/schema/beans/spring-beans.xsd
        http://www.springframework.org/schema/context
        http://www.springframework.org/schema/context/spring-context.xsd
        http://www.springframework.org/schema/util
        http://www.springframework.org/schema/util/spring-util.xsd">

    <context:component-scan base-package="org.example.*"/>
    <context:annotation-config />
    <mvc:default-servlet-handler/>

    <mvc:annotation-driven/>

    <!--      SPRING-CLOUD_CONFIG -->
    <util:properties id="home" location="http://3.121.199.219:8980/rest-home.properties" />
    <util:properties id="epam" location="http://3.121.199.219:8980/rest-epam.properties" />
    <util:properties id="prod" location="http://3.121.199.219:8980/rest-prod.properties" />
    <context:property-placeholder properties-ref="prod"
                                  ignore-resource-not-found="true"
                                  ignore-unresolvable="true"
                                  order="0" />

    <bean id="dataSource" class="org.springframework.jdbc.datasource.DriverManagerDataSource">
        <property name="driverClassName" value="com.mysql.cj.jdbc.Driver"/>
        <property name="url" value="jdbc:mysql://database-1.cprqakodnmef.eu-central-1.rds.amazonaws.com:3306/farm"/>
        <property name="username" value="admin"/>
        <property name="password" value="password123"/>
    </bean>

    <bean id="jdbcTemplate" class="org.springframework.jdbc.core.JdbcTemplate">
        <constructor-arg name="dataSource" ref="dataSource"/>
    </bean>

    <bean id="departmentDao" class="org.example.epam.backend.dao.impl.DepartmentDaoImpl" />

    <bean id="departmentService" class="org.example.epam.backend.service.impl.DepartmentServiceImpl" />

    <bean id="jdbcStorageDao" class="org.example.epam.backend.dao.impl.JdbcStorageDaoImpl" />

    <bean id="jdbcStorageService" class="org.example.epam.backend.service.impl.JdbcStorageServiceImpl" />

    <bean id="restDepartmentController" class="org.example.epam.rest.controller.RestDepartmentController" />

    <bean id="employeeDao" class="org.example.epam.backend.dao.impl.EmployeeDaoImpl" />

    <bean id="employeeService" class="org.example.epam.backend.service.impl.EmployeeServiceImpl" />

    <bean id="restEmployeeController" class="org.example.epam.rest.controller.RestEmployeeController" />

    <bean id="converterService" class="org.example.epam.backend.service.impl.ConverterServiceImpl" />

    <bean id="userDao" class="org.example.epam.backend.dao.impl.UserDaoImpl" />

    <bean id="userService" class="org.example.epam.backend.service.impl.UserServiceImpl" />
</beans>