<?xml version='1.1' encoding='UTF-8'?>
<result plugin="junit@1.28">
  <suites>
    <suite>
      <file>/var/jenkins_home/workspace/main/target/surefire-reports/TEST-org.example.EPAM_FARM.controller.MainControllerTest.xml</file>
      <name>org.example.EPAM_FARM.controller.MainControllerTest</name>
      <duration>4.226</duration>
      <time>4.226</time>
      <nodeId>26</nodeId>
      <enclosingBlocks>
        <string>6</string>
      </enclosingBlocks>
      <enclosingBlockNames>
        <string>SNAPSHOT</string>
      </enclosingBlockNames>
      <cases>
        <case>
          <duration>0.908</duration>
          <className>org.example.EPAM_FARM.controller.MainControllerTest</className>
          <testName>shouldReturnDefaultMessageGetPage</testName>
          <skipped>false</skipped>
          <failedSince>0</failedSince>
        </case>
        <case>
          <duration>0.053</duration>
          <className>org.example.EPAM_FARM.controller.MainControllerTest</className>
          <testName>shouldReturnDefaultMessageGetIndex</testName>
          <skipped>false</skipped>
          <failedSince>0</failedSince>
        </case>
      </cases>
    </suite>
  </suites>
  <duration>4.226</duration>
  <keepLongStdio>false</keepLongStdio>
</result>